{"/home/vinicius/coding/ignite/node/04-urentcars/src/modules/cars/infra/repositories/memory/CarsRepositoryMemory.ts": {"path":"/home/vinicius/coding/ignite/node/04-urentcars/src/modules/cars/infra/repositories/memory/CarsRepositoryMemory.ts","all":false,"statementMap":{"0":{"start":{"line":1,"column":0},"end":{"line":1,"column":36}},"1":{"start":{"line":2,"column":0},"end":{"line":2,"column":0}},"2":{"start":{"line":3,"column":0},"end":{"line":3,"column":44}},"3":{"start":{"line":4,"column":0},"end":{"line":4,"column":107}},"4":{"start":{"line":5,"column":0},"end":{"line":5,"column":0}},"5":{"start":{"line":6,"column":0},"end":{"line":6,"column":70}},"6":{"start":{"line":7,"column":0},"end":{"line":7,"column":19}},"7":{"start":{"line":8,"column":0},"end":{"line":8,"column":0}},"8":{"start":{"line":9,"column":0},"end":{"line":9,"column":16}},"9":{"start":{"line":10,"column":0},"end":{"line":10,"column":10}},"10":{"start":{"line":11,"column":0},"end":{"line":11,"column":16}},"11":{"start":{"line":12,"column":0},"end":{"line":12,"column":15}},"12":{"start":{"line":13,"column":0},"end":{"line":13,"column":16}},"13":{"start":{"line":14,"column":0},"end":{"line":14,"column":16}},"14":{"start":{"line":15,"column":0},"end":{"line":15,"column":18}},"15":{"start":{"line":16,"column":0},"end":{"line":16,"column":9}},"16":{"start":{"line":17,"column":0},"end":{"line":17,"column":24}},"17":{"start":{"line":18,"column":0},"end":{"line":18,"column":34}},"18":{"start":{"line":19,"column":0},"end":{"line":19,"column":22}},"19":{"start":{"line":20,"column":0},"end":{"line":20,"column":19}},"20":{"start":{"line":21,"column":0},"end":{"line":21,"column":11}},"21":{"start":{"line":22,"column":0},"end":{"line":22,"column":18}},"22":{"start":{"line":23,"column":0},"end":{"line":23,"column":29}},"23":{"start":{"line":24,"column":0},"end":{"line":24,"column":22}},"24":{"start":{"line":25,"column":0},"end":{"line":25,"column":12}},"25":{"start":{"line":26,"column":0},"end":{"line":26,"column":18}},"26":{"start":{"line":27,"column":0},"end":{"line":27,"column":17}},"27":{"start":{"line":28,"column":0},"end":{"line":28,"column":18}},"28":{"start":{"line":29,"column":0},"end":{"line":29,"column":20}},"29":{"start":{"line":30,"column":0},"end":{"line":30,"column":21}},"30":{"start":{"line":31,"column":0},"end":{"line":31,"column":6}},"31":{"start":{"line":32,"column":0},"end":{"line":32,"column":0}},"32":{"start":{"line":33,"column":0},"end":{"line":33,"column":24}},"33":{"start":{"line":34,"column":0},"end":{"line":34,"column":0}},"34":{"start":{"line":35,"column":0},"end":{"line":35,"column":15}},"35":{"start":{"line":36,"column":0},"end":{"line":36,"column":3}},"36":{"start":{"line":37,"column":0},"end":{"line":37,"column":0}},"37":{"start":{"line":38,"column":0},"end":{"line":38,"column":69}},"38":{"start":{"line":39,"column":0},"end":{"line":39,"column":65}},"39":{"start":{"line":40,"column":0},"end":{"line":40,"column":0}},"40":{"start":{"line":41,"column":0},"end":{"line":41,"column":37}},"41":{"start":{"line":42,"column":0},"end":{"line":42,"column":0}},"42":{"start":{"line":43,"column":0},"end":{"line":43,"column":29}},"43":{"start":{"line":44,"column":0},"end":{"line":44,"column":29}},"44":{"start":{"line":45,"column":0},"end":{"line":45,"column":14}},"45":{"start":{"line":46,"column":0},"end":{"line":46,"column":6}},"46":{"start":{"line":47,"column":0},"end":{"line":47,"column":0}},"47":{"start":{"line":48,"column":0},"end":{"line":48,"column":37}},"48":{"start":{"line":49,"column":0},"end":{"line":49,"column":0}},"49":{"start":{"line":50,"column":0},"end":{"line":50,"column":22}},"50":{"start":{"line":51,"column":0},"end":{"line":51,"column":3}},"51":{"start":{"line":52,"column":0},"end":{"line":52,"column":0}},"52":{"start":{"line":53,"column":0},"end":{"line":53,"column":72}},"53":{"start":{"line":54,"column":0},"end":{"line":54,"column":77}},"54":{"start":{"line":55,"column":0},"end":{"line":55,"column":23}},"55":{"start":{"line":56,"column":0},"end":{"line":56,"column":3}},"56":{"start":{"line":57,"column":0},"end":{"line":57,"column":0}},"57":{"start":{"line":58,"column":0},"end":{"line":58,"column":91}},"58":{"start":{"line":59,"column":0},"end":{"line":59,"column":56}},"59":{"start":{"line":60,"column":0},"end":{"line":60,"column":0}},"60":{"start":{"line":61,"column":0},"end":{"line":61,"column":16}},"61":{"start":{"line":62,"column":0},"end":{"line":62,"column":55}},"62":{"start":{"line":63,"column":0},"end":{"line":63,"column":5}},"63":{"start":{"line":64,"column":0},"end":{"line":64,"column":0}},"64":{"start":{"line":65,"column":0},"end":{"line":65,"column":22}},"65":{"start":{"line":66,"column":0},"end":{"line":66,"column":67}},"66":{"start":{"line":67,"column":0},"end":{"line":67,"column":5}},"67":{"start":{"line":68,"column":0},"end":{"line":68,"column":0}},"68":{"start":{"line":69,"column":0},"end":{"line":69,"column":15}},"69":{"start":{"line":70,"column":0},"end":{"line":70,"column":53}},"70":{"start":{"line":71,"column":0},"end":{"line":71,"column":5}},"71":{"start":{"line":72,"column":0},"end":{"line":72,"column":0}},"72":{"start":{"line":73,"column":0},"end":{"line":73,"column":16}},"73":{"start":{"line":74,"column":0},"end":{"line":74,"column":3}},"74":{"start":{"line":75,"column":0},"end":{"line":75,"column":0}},"75":{"start":{"line":76,"column":0},"end":{"line":76,"column":51}},"76":{"start":{"line":77,"column":0},"end":{"line":77,"column":55}},"77":{"start":{"line":78,"column":0},"end":{"line":78,"column":0}},"78":{"start":{"line":79,"column":0},"end":{"line":79,"column":23}},"79":{"start":{"line":80,"column":0},"end":{"line":80,"column":3}},"80":{"start":{"line":81,"column":0},"end":{"line":81,"column":1}}},"s":{"0":1,"1":1,"2":1,"3":1,"4":1,"5":6,"6":6,"7":6,"8":6,"9":9,"10":9,"11":9,"12":9,"13":9,"14":9,"15":9,"16":9,"17":9,"18":9,"19":9,"20":9,"21":9,"22":9,"23":9,"24":9,"25":9,"26":9,"27":9,"28":9,"29":9,"30":9,"31":9,"32":9,"33":9,"34":9,"35":9,"36":6,"37":6,"38":1,"39":1,"40":1,"41":1,"42":1,"43":1,"44":1,"45":1,"46":1,"47":1,"48":1,"49":1,"50":1,"51":6,"52":6,"53":12,"54":12,"55":12,"56":6,"57":6,"58":4,"59":4,"60":4,"61":1,"62":1,"63":4,"64":4,"65":1,"66":1,"67":4,"68":4,"69":1,"70":1,"71":4,"72":4,"73":4,"74":6,"75":6,"76":2,"77":2,"78":2,"79":2,"80":6},"branchMap":{"0":{"type":"branch","line":6,"loc":{"start":{"line":6,"column":0},"end":{"line":81,"column":1}},"locations":[{"start":{"line":6,"column":0},"end":{"line":81,"column":1}}]},"1":{"type":"branch","line":9,"loc":{"start":{"line":9,"column":8},"end":{"line":36,"column":3}},"locations":[{"start":{"line":9,"column":8},"end":{"line":36,"column":3}}]},"2":{"type":"branch","line":38,"loc":{"start":{"line":38,"column":8},"end":{"line":51,"column":3}},"locations":[{"start":{"line":38,"column":8},"end":{"line":51,"column":3}}]},"3":{"type":"branch","line":41,"loc":{"start":{"line":41,"column":25},"end":{"line":41,"column":37}},"locations":[{"start":{"line":41,"column":25},"end":{"line":41,"column":37}}]},"4":{"type":"branch","line":39,"loc":{"start":{"line":39,"column":41},"end":{"line":39,"column":63}},"locations":[{"start":{"line":39,"column":41},"end":{"line":39,"column":63}}]},"5":{"type":"branch","line":53,"loc":{"start":{"line":53,"column":8},"end":{"line":56,"column":3}},"locations":[{"start":{"line":53,"column":8},"end":{"line":56,"column":3}}]},"6":{"type":"branch","line":55,"loc":{"start":{"line":55,"column":14},"end":{"line":55,"column":22}},"locations":[{"start":{"line":55,"column":14},"end":{"line":55,"column":22}}]},"7":{"type":"branch","line":54,"loc":{"start":{"line":54,"column":31},"end":{"line":54,"column":75}},"locations":[{"start":{"line":54,"column":31},"end":{"line":54,"column":75}}]},"8":{"type":"branch","line":58,"loc":{"start":{"line":58,"column":8},"end":{"line":74,"column":3}},"locations":[{"start":{"line":58,"column":8},"end":{"line":74,"column":3}}]},"9":{"type":"branch","line":61,"loc":{"start":{"line":61,"column":15},"end":{"line":63,"column":5}},"locations":[{"start":{"line":61,"column":15},"end":{"line":63,"column":5}}]},"10":{"type":"branch","line":65,"loc":{"start":{"line":65,"column":21},"end":{"line":67,"column":5}},"locations":[{"start":{"line":65,"column":21},"end":{"line":67,"column":5}}]},"11":{"type":"branch","line":69,"loc":{"start":{"line":69,"column":14},"end":{"line":71,"column":5}},"locations":[{"start":{"line":69,"column":14},"end":{"line":71,"column":5}}]},"12":{"type":"branch","line":59,"loc":{"start":{"line":59,"column":32},"end":{"line":59,"column":54}},"locations":[{"start":{"line":59,"column":32},"end":{"line":59,"column":54}}]},"13":{"type":"branch","line":62,"loc":{"start":{"line":62,"column":25},"end":{"line":62,"column":53}},"locations":[{"start":{"line":62,"column":25},"end":{"line":62,"column":53}}]},"14":{"type":"branch","line":66,"loc":{"start":{"line":66,"column":25},"end":{"line":66,"column":65}},"locations":[{"start":{"line":66,"column":25},"end":{"line":66,"column":65}}]},"15":{"type":"branch","line":70,"loc":{"start":{"line":70,"column":25},"end":{"line":70,"column":51}},"locations":[{"start":{"line":70,"column":25},"end":{"line":70,"column":51}}]},"16":{"type":"branch","line":76,"loc":{"start":{"line":76,"column":8},"end":{"line":80,"column":3}},"locations":[{"start":{"line":76,"column":8},"end":{"line":80,"column":3}}]},"17":{"type":"branch","line":79,"loc":{"start":{"line":79,"column":14},"end":{"line":79,"column":22}},"locations":[{"start":{"line":79,"column":14},"end":{"line":79,"column":22}}]},"18":{"type":"branch","line":77,"loc":{"start":{"line":77,"column":31},"end":{"line":77,"column":53}},"locations":[{"start":{"line":77,"column":31},"end":{"line":77,"column":53}}]}},"b":{"0":[6],"1":[9],"2":[1],"3":[0],"4":[1],"5":[12],"6":[11],"7":[5],"8":[4],"9":[1],"10":[1],"11":[1],"12":[8],"13":[2],"14":[2],"15":[2],"16":[2],"17":[1],"18":[1]},"fnMap":{"0":{"name":"CarsRepositoryMemory","decl":{"start":{"line":6,"column":0},"end":{"line":81,"column":1}},"loc":{"start":{"line":6,"column":0},"end":{"line":81,"column":1}},"line":6},"1":{"name":"create","decl":{"start":{"line":9,"column":8},"end":{"line":36,"column":3}},"loc":{"start":{"line":9,"column":8},"end":{"line":36,"column":3}},"line":9},"2":{"name":"update","decl":{"start":{"line":38,"column":8},"end":{"line":51,"column":3}},"loc":{"start":{"line":38,"column":8},"end":{"line":51,"column":3}},"line":38},"3":{"name":"findByLicensePlate","decl":{"start":{"line":53,"column":8},"end":{"line":56,"column":3}},"loc":{"start":{"line":53,"column":8},"end":{"line":56,"column":3}},"line":53},"4":{"name":"findAvailable","decl":{"start":{"line":58,"column":8},"end":{"line":74,"column":3}},"loc":{"start":{"line":58,"column":8},"end":{"line":74,"column":3}},"line":58},"5":{"name":"findByID","decl":{"start":{"line":76,"column":8},"end":{"line":80,"column":3}},"loc":{"start":{"line":76,"column":8},"end":{"line":80,"column":3}},"line":76}},"f":{"0":6,"1":9,"2":1,"3":12,"4":4,"5":2}}
,"/home/vinicius/coding/ignite/node/04-urentcars/src/modules/cars/infra/repositories/memory/SpecificationsRepositoryMemory.ts": {"path":"/home/vinicius/coding/ignite/node/04-urentcars/src/modules/cars/infra/repositories/memory/SpecificationsRepositoryMemory.ts","all":false,"statementMap":{"0":{"start":{"line":1,"column":0},"end":{"line":1,"column":36}},"1":{"start":{"line":2,"column":0},"end":{"line":2,"column":0}},"2":{"start":{"line":3,"column":0},"end":{"line":3,"column":64}},"3":{"start":{"line":4,"column":0},"end":{"line":4,"column":115}},"4":{"start":{"line":5,"column":0},"end":{"line":5,"column":0}},"5":{"start":{"line":6,"column":0},"end":{"line":6,"column":90}},"6":{"start":{"line":7,"column":0},"end":{"line":7,"column":42}},"7":{"start":{"line":8,"column":0},"end":{"line":8,"column":0}},"8":{"start":{"line":9,"column":0},"end":{"line":9,"column":17}},"9":{"start":{"line":10,"column":0},"end":{"line":10,"column":29}},"10":{"start":{"line":11,"column":0},"end":{"line":11,"column":3}},"11":{"start":{"line":12,"column":0},"end":{"line":12,"column":0}},"12":{"start":{"line":13,"column":0},"end":{"line":13,"column":70}},"13":{"start":{"line":14,"column":0},"end":{"line":14,"column":45}},"14":{"start":{"line":15,"column":0},"end":{"line":15,"column":19}},"15":{"start":{"line":16,"column":0},"end":{"line":16,"column":22}},"16":{"start":{"line":17,"column":0},"end":{"line":17,"column":36}},"17":{"start":{"line":18,"column":0},"end":{"line":18,"column":28}},"18":{"start":{"line":19,"column":0},"end":{"line":19,"column":6}},"19":{"start":{"line":20,"column":0},"end":{"line":20,"column":0}},"20":{"start":{"line":21,"column":0},"end":{"line":21,"column":47}},"21":{"start":{"line":22,"column":0},"end":{"line":22,"column":0}},"22":{"start":{"line":23,"column":0},"end":{"line":23,"column":28}},"23":{"start":{"line":24,"column":0},"end":{"line":24,"column":3}},"24":{"start":{"line":25,"column":0},"end":{"line":25,"column":0}},"25":{"start":{"line":26,"column":0},"end":{"line":26,"column":65}},"26":{"start":{"line":27,"column":0},"end":{"line":27,"column":99}},"27":{"start":{"line":28,"column":0},"end":{"line":28,"column":0}},"28":{"start":{"line":29,"column":0},"end":{"line":29,"column":36}},"29":{"start":{"line":30,"column":0},"end":{"line":30,"column":0}},"30":{"start":{"line":31,"column":0},"end":{"line":31,"column":25}},"31":{"start":{"line":32,"column":0},"end":{"line":32,"column":3}},"32":{"start":{"line":33,"column":0},"end":{"line":33,"column":0}},"33":{"start":{"line":34,"column":0},"end":{"line":34,"column":60}},"34":{"start":{"line":35,"column":0},"end":{"line":35,"column":89}},"35":{"start":{"line":36,"column":0},"end":{"line":36,"column":3}},"36":{"start":{"line":37,"column":0},"end":{"line":37,"column":1}}},"s":{"0":1,"1":1,"2":1,"3":1,"4":1,"5":1,"6":1,"7":1,"8":1,"9":2,"10":2,"11":1,"12":1,"13":2,"14":2,"15":2,"16":2,"17":2,"18":2,"19":2,"20":2,"21":2,"22":2,"23":2,"24":1,"25":1,"26":0,"27":0,"28":0,"29":0,"30":0,"31":0,"32":1,"33":1,"34":1,"35":1,"36":1},"branchMap":{"0":{"type":"branch","line":9,"loc":{"start":{"line":9,"column":2},"end":{"line":11,"column":3}},"locations":[{"start":{"line":9,"column":2},"end":{"line":11,"column":3}}]},"1":{"type":"branch","line":13,"loc":{"start":{"line":13,"column":8},"end":{"line":24,"column":3}},"locations":[{"start":{"line":13,"column":8},"end":{"line":24,"column":3}}]},"2":{"type":"branch","line":34,"loc":{"start":{"line":34,"column":8},"end":{"line":36,"column":3}},"locations":[{"start":{"line":34,"column":8},"end":{"line":36,"column":3}}]},"3":{"type":"branch","line":35,"loc":{"start":{"line":35,"column":38},"end":{"line":35,"column":87}},"locations":[{"start":{"line":35,"column":38},"end":{"line":35,"column":87}}]}},"b":{"0":[2],"1":[2],"2":[1],"3":[2]},"fnMap":{"0":{"name":"SpecificationsRepositoryMemory","decl":{"start":{"line":9,"column":2},"end":{"line":11,"column":3}},"loc":{"start":{"line":9,"column":2},"end":{"line":11,"column":3}},"line":9},"1":{"name":"create","decl":{"start":{"line":13,"column":8},"end":{"line":24,"column":3}},"loc":{"start":{"line":13,"column":8},"end":{"line":24,"column":3}},"line":13},"2":{"name":"findByName","decl":{"start":{"line":26,"column":8},"end":{"line":32,"column":3}},"loc":{"start":{"line":26,"column":8},"end":{"line":32,"column":3}},"line":26},"3":{"name":"findByIds","decl":{"start":{"line":34,"column":8},"end":{"line":36,"column":3}},"loc":{"start":{"line":34,"column":8},"end":{"line":36,"column":3}},"line":34}},"f":{"0":2,"1":2,"2":0,"3":1}}
,"/home/vinicius/coding/ignite/node/04-urentcars/src/modules/cars/useCases/createCarSpecification/CreateCarSpecificationUseCase.ts": {"path":"/home/vinicius/coding/ignite/node/04-urentcars/src/modules/cars/useCases/createCarSpecification/CreateCarSpecificationUseCase.ts","all":false,"statementMap":{"0":{"start":{"line":1,"column":0},"end":{"line":1,"column":41}},"1":{"start":{"line":2,"column":0},"end":{"line":2,"column":93}},"2":{"start":{"line":3,"column":0},"end":{"line":3,"column":113}},"3":{"start":{"line":4,"column":0},"end":{"line":4,"column":0}},"4":{"start":{"line":5,"column":0},"end":{"line":5,"column":41}},"5":{"start":{"line":6,"column":0},"end":{"line":6,"column":17}},"6":{"start":{"line":7,"column":0},"end":{"line":7,"column":30}},"7":{"start":{"line":8,"column":0},"end":{"line":8,"column":2}},"8":{"start":{"line":9,"column":0},"end":{"line":9,"column":0}},"9":{"start":{"line":10,"column":0},"end":{"line":10,"column":44}},"10":{"start":{"line":11,"column":0},"end":{"line":11,"column":14}},"11":{"start":{"line":12,"column":0},"end":{"line":12,"column":52}},"12":{"start":{"line":13,"column":0},"end":{"line":13,"column":72}},"13":{"start":{"line":14,"column":0},"end":{"line":14,"column":6}},"14":{"start":{"line":15,"column":0},"end":{"line":15,"column":0}},"15":{"start":{"line":16,"column":0},"end":{"line":16,"column":96}},"16":{"start":{"line":17,"column":0},"end":{"line":17,"column":34}},"17":{"start":{"line":18,"column":0},"end":{"line":18,"column":59}},"18":{"start":{"line":19,"column":0},"end":{"line":19,"column":0}},"19":{"start":{"line":20,"column":0},"end":{"line":20,"column":15}},"20":{"start":{"line":21,"column":0},"end":{"line":21,"column":39}},"21":{"start":{"line":22,"column":0},"end":{"line":22,"column":5}},"22":{"start":{"line":23,"column":0},"end":{"line":23,"column":0}},"23":{"start":{"line":24,"column":0},"end":{"line":24,"column":92}},"24":{"start":{"line":25,"column":0},"end":{"line":25,"column":0}},"25":{"start":{"line":26,"column":0},"end":{"line":26,"column":61}},"26":{"start":{"line":27,"column":0},"end":{"line":27,"column":21}},"27":{"start":{"line":28,"column":0},"end":{"line":28,"column":7}},"28":{"start":{"line":29,"column":0},"end":{"line":29,"column":0}},"29":{"start":{"line":30,"column":0},"end":{"line":30,"column":18}},"30":{"start":{"line":31,"column":0},"end":{"line":31,"column":39}},"31":{"start":{"line":32,"column":0},"end":{"line":32,"column":5}},"32":{"start":{"line":33,"column":0},"end":{"line":33,"column":0}},"33":{"start":{"line":34,"column":0},"end":{"line":34,"column":18}},"34":{"start":{"line":35,"column":0},"end":{"line":35,"column":3}},"35":{"start":{"line":36,"column":0},"end":{"line":36,"column":1}}},"s":{"0":1,"1":1,"2":1,"3":1,"4":1,"5":1,"6":1,"7":1,"8":1,"9":1,"10":1,"11":2,"12":2,"13":2,"14":1,"15":1,"16":2,"17":2,"18":2,"19":2,"20":1,"21":1,"22":1,"23":1,"24":1,"25":1,"26":1,"27":1,"28":1,"29":2,"30":0,"31":0,"32":1,"33":1,"34":1,"35":1},"branchMap":{"0":{"type":"branch","line":11,"loc":{"start":{"line":11,"column":2},"end":{"line":14,"column":6}},"locations":[{"start":{"line":11,"column":2},"end":{"line":14,"column":6}}]},"1":{"type":"branch","line":16,"loc":{"start":{"line":16,"column":8},"end":{"line":35,"column":3}},"locations":[{"start":{"line":16,"column":8},"end":{"line":35,"column":3}}]},"2":{"type":"branch","line":20,"loc":{"start":{"line":20,"column":14},"end":{"line":30,"column":17}},"locations":[{"start":{"line":20,"column":14},"end":{"line":30,"column":17}}]},"3":{"type":"branch","line":30,"loc":{"start":{"line":30,"column":17},"end":{"line":32,"column":5}},"locations":[{"start":{"line":30,"column":17},"end":{"line":32,"column":5}}]},"4":{"type":"branch","line":33,"loc":{"start":{"line":33,"column":-1},"end":{"line":35,"column":3}},"locations":[{"start":{"line":33,"column":-1},"end":{"line":35,"column":3}}]}},"b":{"0":[2],"1":[2],"2":[1],"3":[0],"4":[1]},"fnMap":{"0":{"name":"CreateCarSpecificationUseCase","decl":{"start":{"line":11,"column":2},"end":{"line":14,"column":6}},"loc":{"start":{"line":11,"column":2},"end":{"line":14,"column":6}},"line":11},"1":{"name":"perform","decl":{"start":{"line":16,"column":8},"end":{"line":35,"column":3}},"loc":{"start":{"line":16,"column":8},"end":{"line":35,"column":3}},"line":16}},"f":{"0":2,"1":2}}
}
