{"/home/vinicius/coding/ignite/node/04-urentcars/src/modules/cars/infra/repositories/memory/CarsRepositoryMemory.ts": {"path":"/home/vinicius/coding/ignite/node/04-urentcars/src/modules/cars/infra/repositories/memory/CarsRepositoryMemory.ts","all":false,"statementMap":{"0":{"start":{"line":1,"column":0},"end":{"line":1,"column":36}},"1":{"start":{"line":2,"column":0},"end":{"line":2,"column":0}},"2":{"start":{"line":3,"column":0},"end":{"line":3,"column":44}},"3":{"start":{"line":4,"column":0},"end":{"line":4,"column":107}},"4":{"start":{"line":5,"column":0},"end":{"line":5,"column":0}},"5":{"start":{"line":6,"column":0},"end":{"line":6,"column":70}},"6":{"start":{"line":7,"column":0},"end":{"line":7,"column":19}},"7":{"start":{"line":8,"column":0},"end":{"line":8,"column":0}},"8":{"start":{"line":9,"column":0},"end":{"line":9,"column":16}},"9":{"start":{"line":10,"column":0},"end":{"line":10,"column":10}},"10":{"start":{"line":11,"column":0},"end":{"line":11,"column":16}},"11":{"start":{"line":12,"column":0},"end":{"line":12,"column":15}},"12":{"start":{"line":13,"column":0},"end":{"line":13,"column":16}},"13":{"start":{"line":14,"column":0},"end":{"line":14,"column":16}},"14":{"start":{"line":15,"column":0},"end":{"line":15,"column":18}},"15":{"start":{"line":16,"column":0},"end":{"line":16,"column":9}},"16":{"start":{"line":17,"column":0},"end":{"line":17,"column":34}},"17":{"start":{"line":18,"column":0},"end":{"line":18,"column":22}},"18":{"start":{"line":19,"column":0},"end":{"line":19,"column":19}},"19":{"start":{"line":20,"column":0},"end":{"line":20,"column":11}},"20":{"start":{"line":21,"column":0},"end":{"line":21,"column":18}},"21":{"start":{"line":22,"column":0},"end":{"line":22,"column":29}},"22":{"start":{"line":23,"column":0},"end":{"line":23,"column":22}},"23":{"start":{"line":24,"column":0},"end":{"line":24,"column":12}},"24":{"start":{"line":25,"column":0},"end":{"line":25,"column":18}},"25":{"start":{"line":26,"column":0},"end":{"line":26,"column":17}},"26":{"start":{"line":27,"column":0},"end":{"line":27,"column":18}},"27":{"start":{"line":28,"column":0},"end":{"line":28,"column":20}},"28":{"start":{"line":29,"column":0},"end":{"line":29,"column":6}},"29":{"start":{"line":30,"column":0},"end":{"line":30,"column":0}},"30":{"start":{"line":31,"column":0},"end":{"line":31,"column":24}},"31":{"start":{"line":32,"column":0},"end":{"line":32,"column":0}},"32":{"start":{"line":33,"column":0},"end":{"line":33,"column":15}},"33":{"start":{"line":34,"column":0},"end":{"line":34,"column":3}},"34":{"start":{"line":35,"column":0},"end":{"line":35,"column":0}},"35":{"start":{"line":36,"column":0},"end":{"line":36,"column":72}},"36":{"start":{"line":37,"column":0},"end":{"line":37,"column":77}},"37":{"start":{"line":38,"column":0},"end":{"line":38,"column":23}},"38":{"start":{"line":39,"column":0},"end":{"line":39,"column":3}},"39":{"start":{"line":40,"column":0},"end":{"line":40,"column":0}},"40":{"start":{"line":41,"column":0},"end":{"line":41,"column":91}},"41":{"start":{"line":42,"column":0},"end":{"line":42,"column":56}},"42":{"start":{"line":43,"column":0},"end":{"line":43,"column":0}},"43":{"start":{"line":44,"column":0},"end":{"line":44,"column":16}},"44":{"start":{"line":45,"column":0},"end":{"line":45,"column":55}},"45":{"start":{"line":46,"column":0},"end":{"line":46,"column":5}},"46":{"start":{"line":47,"column":0},"end":{"line":47,"column":0}},"47":{"start":{"line":48,"column":0},"end":{"line":48,"column":22}},"48":{"start":{"line":49,"column":0},"end":{"line":49,"column":67}},"49":{"start":{"line":50,"column":0},"end":{"line":50,"column":5}},"50":{"start":{"line":51,"column":0},"end":{"line":51,"column":0}},"51":{"start":{"line":52,"column":0},"end":{"line":52,"column":15}},"52":{"start":{"line":53,"column":0},"end":{"line":53,"column":53}},"53":{"start":{"line":54,"column":0},"end":{"line":54,"column":5}},"54":{"start":{"line":55,"column":0},"end":{"line":55,"column":0}},"55":{"start":{"line":56,"column":0},"end":{"line":56,"column":16}},"56":{"start":{"line":57,"column":0},"end":{"line":57,"column":3}},"57":{"start":{"line":58,"column":0},"end":{"line":58,"column":1}}},"s":{"0":1,"1":1,"2":1,"3":1,"4":1,"5":7,"6":7,"7":7,"8":7,"9":11,"10":11,"11":11,"12":11,"13":11,"14":11,"15":11,"16":11,"17":11,"18":11,"19":11,"20":11,"21":11,"22":11,"23":11,"24":11,"25":11,"26":11,"27":11,"28":11,"29":11,"30":11,"31":11,"32":11,"33":11,"34":7,"35":7,"36":12,"37":12,"38":12,"39":7,"40":7,"41":4,"42":4,"43":4,"44":1,"45":1,"46":4,"47":4,"48":1,"49":1,"50":4,"51":4,"52":1,"53":1,"54":4,"55":4,"56":4,"57":7},"branchMap":{"0":{"type":"branch","line":6,"loc":{"start":{"line":6,"column":0},"end":{"line":58,"column":1}},"locations":[{"start":{"line":6,"column":0},"end":{"line":58,"column":1}}]},"1":{"type":"branch","line":9,"loc":{"start":{"line":9,"column":8},"end":{"line":34,"column":3}},"locations":[{"start":{"line":9,"column":8},"end":{"line":34,"column":3}}]},"2":{"type":"branch","line":36,"loc":{"start":{"line":36,"column":8},"end":{"line":39,"column":3}},"locations":[{"start":{"line":36,"column":8},"end":{"line":39,"column":3}}]},"3":{"type":"branch","line":38,"loc":{"start":{"line":38,"column":14},"end":{"line":38,"column":22}},"locations":[{"start":{"line":38,"column":14},"end":{"line":38,"column":22}}]},"4":{"type":"branch","line":37,"loc":{"start":{"line":37,"column":31},"end":{"line":37,"column":75}},"locations":[{"start":{"line":37,"column":31},"end":{"line":37,"column":75}}]},"5":{"type":"branch","line":41,"loc":{"start":{"line":41,"column":8},"end":{"line":57,"column":3}},"locations":[{"start":{"line":41,"column":8},"end":{"line":57,"column":3}}]},"6":{"type":"branch","line":44,"loc":{"start":{"line":44,"column":15},"end":{"line":46,"column":5}},"locations":[{"start":{"line":44,"column":15},"end":{"line":46,"column":5}}]},"7":{"type":"branch","line":48,"loc":{"start":{"line":48,"column":21},"end":{"line":50,"column":5}},"locations":[{"start":{"line":48,"column":21},"end":{"line":50,"column":5}}]},"8":{"type":"branch","line":52,"loc":{"start":{"line":52,"column":14},"end":{"line":54,"column":5}},"locations":[{"start":{"line":52,"column":14},"end":{"line":54,"column":5}}]},"9":{"type":"branch","line":42,"loc":{"start":{"line":42,"column":32},"end":{"line":42,"column":54}},"locations":[{"start":{"line":42,"column":32},"end":{"line":42,"column":54}}]},"10":{"type":"branch","line":45,"loc":{"start":{"line":45,"column":25},"end":{"line":45,"column":53}},"locations":[{"start":{"line":45,"column":25},"end":{"line":45,"column":53}}]},"11":{"type":"branch","line":49,"loc":{"start":{"line":49,"column":25},"end":{"line":49,"column":65}},"locations":[{"start":{"line":49,"column":25},"end":{"line":49,"column":65}}]},"12":{"type":"branch","line":53,"loc":{"start":{"line":53,"column":25},"end":{"line":53,"column":51}},"locations":[{"start":{"line":53,"column":25},"end":{"line":53,"column":51}}]}},"b":{"0":[7],"1":[11],"2":[12],"3":[11],"4":[5],"5":[4],"6":[1],"7":[1],"8":[1],"9":[8],"10":[2],"11":[2],"12":[2]},"fnMap":{"0":{"name":"CarsRepositoryMemory","decl":{"start":{"line":6,"column":0},"end":{"line":58,"column":1}},"loc":{"start":{"line":6,"column":0},"end":{"line":58,"column":1}},"line":6},"1":{"name":"create","decl":{"start":{"line":9,"column":8},"end":{"line":34,"column":3}},"loc":{"start":{"line":9,"column":8},"end":{"line":34,"column":3}},"line":9},"2":{"name":"findByLicensePlate","decl":{"start":{"line":36,"column":8},"end":{"line":39,"column":3}},"loc":{"start":{"line":36,"column":8},"end":{"line":39,"column":3}},"line":36},"3":{"name":"findAvailable","decl":{"start":{"line":41,"column":8},"end":{"line":57,"column":3}},"loc":{"start":{"line":41,"column":8},"end":{"line":57,"column":3}},"line":41}},"f":{"0":7,"1":11,"2":12,"3":4}}
,"/home/vinicius/coding/ignite/node/04-urentcars/src/modules/cars/useCases/createCar/CreateCarUseCase.ts": {"path":"/home/vinicius/coding/ignite/node/04-urentcars/src/modules/cars/useCases/createCar/CreateCarUseCase.ts","all":false,"statementMap":{"0":{"start":{"line":1,"column":0},"end":{"line":1,"column":41}},"1":{"start":{"line":2,"column":0},"end":{"line":2,"column":93}},"2":{"start":{"line":3,"column":0},"end":{"line":3,"column":0}},"3":{"start":{"line":4,"column":0},"end":{"line":4,"column":22}},"4":{"start":{"line":5,"column":0},"end":{"line":5,"column":15}},"5":{"start":{"line":6,"column":0},"end":{"line":6,"column":22}},"6":{"start":{"line":7,"column":0},"end":{"line":7,"column":21}},"7":{"start":{"line":8,"column":0},"end":{"line":8,"column":24}},"8":{"start":{"line":9,"column":0},"end":{"line":9,"column":22}},"9":{"start":{"line":10,"column":0},"end":{"line":10,"column":16}},"10":{"start":{"line":11,"column":0},"end":{"line":11,"column":22}},"11":{"start":{"line":12,"column":0},"end":{"line":12,"column":2}},"12":{"start":{"line":13,"column":0},"end":{"line":13,"column":0}},"13":{"start":{"line":14,"column":0},"end":{"line":14,"column":31}},"14":{"start":{"line":15,"column":0},"end":{"line":15,"column":65}},"15":{"start":{"line":16,"column":0},"end":{"line":16,"column":0}},"16":{"start":{"line":17,"column":0},"end":{"line":17,"column":17}},"17":{"start":{"line":18,"column":0},"end":{"line":18,"column":9}},"18":{"start":{"line":19,"column":0},"end":{"line":19,"column":16}},"19":{"start":{"line":20,"column":0},"end":{"line":20,"column":15}},"20":{"start":{"line":21,"column":0},"end":{"line":21,"column":18}},"21":{"start":{"line":22,"column":0},"end":{"line":22,"column":16}},"22":{"start":{"line":23,"column":0},"end":{"line":23,"column":10}},"23":{"start":{"line":24,"column":0},"end":{"line":24,"column":16}},"24":{"start":{"line":25,"column":0},"end":{"line":25,"column":35}},"25":{"start":{"line":26,"column":0},"end":{"line":26,"column":89}},"26":{"start":{"line":27,"column":0},"end":{"line":27,"column":0}},"27":{"start":{"line":28,"column":0},"end":{"line":28,"column":27}},"28":{"start":{"line":29,"column":0},"end":{"line":29,"column":68}},"29":{"start":{"line":30,"column":0},"end":{"line":30,"column":5}},"30":{"start":{"line":31,"column":0},"end":{"line":31,"column":0}},"31":{"start":{"line":32,"column":0},"end":{"line":32,"column":50}},"32":{"start":{"line":33,"column":0},"end":{"line":33,"column":12}},"33":{"start":{"line":34,"column":0},"end":{"line":34,"column":18}},"34":{"start":{"line":35,"column":0},"end":{"line":35,"column":17}},"35":{"start":{"line":36,"column":0},"end":{"line":36,"column":18}},"36":{"start":{"line":37,"column":0},"end":{"line":37,"column":18}},"37":{"start":{"line":38,"column":0},"end":{"line":38,"column":20}},"38":{"start":{"line":39,"column":0},"end":{"line":39,"column":11}},"39":{"start":{"line":40,"column":0},"end":{"line":40,"column":7}},"40":{"start":{"line":41,"column":0},"end":{"line":41,"column":0}},"41":{"start":{"line":42,"column":0},"end":{"line":42,"column":15}},"42":{"start":{"line":43,"column":0},"end":{"line":43,"column":3}},"43":{"start":{"line":44,"column":0},"end":{"line":44,"column":1}}},"s":{"0":1,"1":1,"2":1,"3":1,"4":1,"5":1,"6":1,"7":1,"8":1,"9":1,"10":1,"11":1,"12":1,"13":1,"14":1,"15":1,"16":1,"17":12,"18":12,"19":12,"20":12,"21":12,"22":12,"23":12,"24":12,"25":12,"26":12,"27":12,"28":1,"29":1,"30":11,"31":11,"32":11,"33":11,"34":11,"35":11,"36":11,"37":11,"38":11,"39":11,"40":11,"41":11,"42":11,"43":1},"branchMap":{"0":{"type":"branch","line":15,"loc":{"start":{"line":15,"column":2},"end":{"line":15,"column":65}},"locations":[{"start":{"line":15,"column":2},"end":{"line":15,"column":65}}]},"1":{"type":"branch","line":17,"loc":{"start":{"line":17,"column":8},"end":{"line":43,"column":3}},"locations":[{"start":{"line":17,"column":8},"end":{"line":43,"column":3}}]},"2":{"type":"branch","line":28,"loc":{"start":{"line":28,"column":26},"end":{"line":30,"column":5}},"locations":[{"start":{"line":28,"column":26},"end":{"line":30,"column":5}}]},"3":{"type":"branch","line":31,"loc":{"start":{"line":31,"column":-1},"end":{"line":43,"column":3}},"locations":[{"start":{"line":31,"column":-1},"end":{"line":43,"column":3}}]}},"b":{"0":[7],"1":[12],"2":[1],"3":[11]},"fnMap":{"0":{"name":"CreateCarUseCase","decl":{"start":{"line":15,"column":2},"end":{"line":15,"column":65}},"loc":{"start":{"line":15,"column":2},"end":{"line":15,"column":65}},"line":15},"1":{"name":"perform","decl":{"start":{"line":17,"column":8},"end":{"line":43,"column":3}},"loc":{"start":{"line":17,"column":8},"end":{"line":43,"column":3}},"line":17}},"f":{"0":7,"1":12}}
,"/home/vinicius/coding/ignite/node/04-urentcars/src/modules/cars/useCases/listAvailableCars/ListAvailableCarsUseCase.ts": {"path":"/home/vinicius/coding/ignite/node/04-urentcars/src/modules/cars/useCases/listAvailableCars/ListAvailableCarsUseCase.ts","all":false,"statementMap":{"0":{"start":{"line":1,"column":0},"end":{"line":1,"column":41}},"1":{"start":{"line":2,"column":0},"end":{"line":2,"column":93}},"2":{"start":{"line":3,"column":0},"end":{"line":3,"column":0}},"3":{"start":{"line":4,"column":0},"end":{"line":4,"column":37}},"4":{"start":{"line":5,"column":0},"end":{"line":5,"column":23}},"5":{"start":{"line":6,"column":0},"end":{"line":6,"column":17}},"6":{"start":{"line":7,"column":0},"end":{"line":7,"column":16}},"7":{"start":{"line":8,"column":0},"end":{"line":8,"column":2}},"8":{"start":{"line":9,"column":0},"end":{"line":9,"column":0}},"9":{"start":{"line":10,"column":0},"end":{"line":10,"column":39}},"10":{"start":{"line":11,"column":0},"end":{"line":11,"column":65}},"11":{"start":{"line":12,"column":0},"end":{"line":12,"column":0}},"12":{"start":{"line":13,"column":0},"end":{"line":13,"column":93}},"13":{"start":{"line":14,"column":0},"end":{"line":14,"column":58}},"14":{"start":{"line":15,"column":0},"end":{"line":15,"column":12}},"15":{"start":{"line":16,"column":0},"end":{"line":16,"column":18}},"16":{"start":{"line":17,"column":0},"end":{"line":17,"column":11}},"17":{"start":{"line":18,"column":0},"end":{"line":18,"column":7}},"18":{"start":{"line":19,"column":0},"end":{"line":19,"column":16}},"19":{"start":{"line":20,"column":0},"end":{"line":20,"column":3}},"20":{"start":{"line":21,"column":0},"end":{"line":21,"column":1}}},"s":{"0":1,"1":1,"2":1,"3":1,"4":1,"5":1,"6":1,"7":1,"8":1,"9":1,"10":1,"11":1,"12":1,"13":4,"14":4,"15":4,"16":4,"17":4,"18":4,"19":4,"20":1},"branchMap":{"0":{"type":"branch","line":11,"loc":{"start":{"line":11,"column":2},"end":{"line":11,"column":65}},"locations":[{"start":{"line":11,"column":2},"end":{"line":11,"column":65}}]},"1":{"type":"branch","line":13,"loc":{"start":{"line":13,"column":8},"end":{"line":20,"column":3}},"locations":[{"start":{"line":13,"column":8},"end":{"line":20,"column":3}}]}},"b":{"0":[4],"1":[4]},"fnMap":{"0":{"name":"ListAvailableCarsUseCase","decl":{"start":{"line":11,"column":2},"end":{"line":11,"column":65}},"loc":{"start":{"line":11,"column":2},"end":{"line":11,"column":65}},"line":11},"1":{"name":"perform","decl":{"start":{"line":13,"column":8},"end":{"line":20,"column":3}},"loc":{"start":{"line":13,"column":8},"end":{"line":20,"column":3}},"line":13}},"f":{"0":4,"1":4}}
}
