TN:
SF:src/adapters/bcrypt/CryptAdapterBcrypt.ts
FN:6,encrypt
FN:10,compare
FNF:2
FNH:2
FNDA:2,encrypt
FNDA:2,compare
DA:1,1
DA:2,1
DA:3,1
DA:4,1
DA:5,1
DA:6,1
DA:7,2
DA:8,2
DA:9,1
DA:10,1
DA:11,2
DA:12,2
DA:13,1
LF:13
LH:13
BRDA:6,0,0,2
BRDA:10,1,0,2
BRF:2
BRH:2
end_of_record
TN:
SF:src/adapters/jsonwebtoken/TokenAdapterJWT.ts
FN:6,generateToken
FN:20,verifyToken
FNF:2
FNH:1
FNDA:1,generateToken
FNDA:0,verifyToken
DA:1,1
DA:2,1
DA:3,1
DA:4,1
DA:5,1
DA:6,1
DA:7,1
DA:8,1
DA:9,1
DA:10,1
DA:11,1
DA:12,1
DA:13,1
DA:14,1
DA:15,1
DA:16,1
DA:17,1
DA:18,1
DA:19,1
DA:20,1
DA:21,0
DA:22,0
DA:23,0
DA:24,0
DA:25,1
LF:25
LH:21
BRDA:6,0,0,1
BRF:1
BRH:1
end_of_record
TN:
SF:src/modules/accounts/repositories/memory/UsersRepositoryMemory.ts
FN:6,UsersRepositoryMemory
FN:9,create
FN:23,findByEmail
FN:31,findByID
FN:39,update
FNF:5
FNH:3
FNDA:3,UsersRepositoryMemory
FNDA:2,create
FNDA:5,findByEmail
FNDA:0,findByID
FNDA:0,update
DA:1,1
DA:2,1
DA:3,1
DA:4,1
DA:5,1
DA:6,3
DA:7,3
DA:8,3
DA:9,3
DA:10,2
DA:11,2
DA:12,2
DA:13,2
DA:14,2
DA:15,2
DA:16,2
DA:17,2
DA:18,2
DA:19,2
DA:20,2
DA:21,2
DA:22,2
DA:23,3
DA:24,5
DA:25,5
DA:26,5
DA:27,2
DA:28,2
DA:29,2
DA:30,3
DA:31,3
DA:32,0
DA:33,0
DA:34,0
DA:35,0
DA:36,0
DA:37,0
DA:38,3
DA:39,3
DA:40,0
DA:41,0
DA:42,0
DA:43,0
DA:44,0
DA:45,0
DA:46,0
DA:47,0
DA:48,0
DA:49,0
DA:50,0
DA:51,3
LF:51
LH:34
BRDA:6,0,0,3
BRDA:9,1,0,2
BRDA:23,2,0,5
BRDA:26,3,0,3
BRDA:27,4,0,2
BRDA:24,5,0,2
BRF:6
BRH:6
end_of_record
TN:
SF:src/modules/accounts/useCases/authenticateUser/AuthenticateUserUseCase.ts
FN:20,AuthenticateUserUseCase
FN:28,perform
FNF:2
FNH:2
FNDA:3,AuthenticateUserUseCase
FNDA:3,perform
DA:1,1
DA:2,1
DA:3,1
DA:4,1
DA:5,1
DA:6,1
DA:7,1
DA:8,1
DA:9,1
DA:10,1
DA:11,1
DA:12,1
DA:13,1
DA:14,1
DA:15,1
DA:16,1
DA:17,1
DA:18,1
DA:19,1
DA:20,1
DA:21,3
DA:22,3
DA:23,3
DA:24,3
DA:25,3
DA:26,3
DA:27,1
DA:28,1
DA:29,3
DA:30,3
DA:31,3
DA:32,1
DA:33,1
DA:34,2
DA:35,2
DA:36,2
DA:37,3
DA:38,1
DA:39,1
DA:40,1
DA:41,1
DA:42,1
DA:43,1
DA:44,1
DA:45,1
DA:46,1
DA:47,1
DA:48,1
DA:49,1
DA:50,1
DA:51,1
DA:52,1
LF:52
LH:52
BRDA:20,0,0,3
BRDA:28,1,0,3
BRDA:31,2,0,1
BRDA:34,3,0,2
BRDA:37,4,0,1
BRF:5
BRH:5
end_of_record
TN:
SF:src/modules/accounts/useCases/createUser/CreateUserUseCase.ts
FN:5,CreateUserUseCase
FN:7,perform
FNF:2
FNH:2
FNDA:3,CreateUserUseCase
FNDA:2,perform
DA:1,1
DA:2,1
DA:3,1
DA:4,1
DA:5,1
DA:6,1
DA:7,1
DA:8,2
DA:9,2
DA:10,2
DA:11,0
DA:12,0
DA:13,2
DA:14,2
DA:15,2
DA:16,2
DA:17,2
DA:18,2
DA:19,2
DA:20,2
DA:21,2
DA:22,2
DA:23,2
DA:24,1
LF:24
LH:22
BRDA:5,0,0,3
BRDA:7,1,0,2
BRDA:10,2,0,0
BRF:3
BRH:2
end_of_record
TN:
SF:src/modules/cars/repositories/memory/CategoriesRepositoryMemory.ts
FN:9,CategoriesRepositoryMemory
FN:13,create
FN:24,list
FN:28,findByName
FNF:4
FNH:3
FNDA:2,CategoriesRepositoryMemory
FNDA:2,create
FNDA:0,list
FNDA:4,findByName
DA:1,1
DA:2,1
DA:3,1
DA:4,1
DA:5,1
DA:6,1
DA:7,1
DA:8,1
DA:9,1
DA:10,2
DA:11,2
DA:12,1
DA:13,1
DA:14,2
DA:15,2
DA:16,2
DA:17,2
DA:18,2
DA:19,2
DA:20,2
DA:21,2
DA:22,2
DA:23,1
DA:24,1
DA:25,0
DA:26,0
DA:27,1
DA:28,1
DA:29,4
DA:30,4
DA:31,4
DA:32,2
DA:33,2
DA:34,2
DA:35,1
LF:35
LH:33
BRDA:9,0,0,2
BRDA:13,1,0,2
BRDA:28,2,0,4
BRDA:31,3,0,2
BRDA:29,4,0,2
BRF:5
BRH:5
end_of_record
TN:
SF:src/modules/cars/useCases/createCategory/CreateCategoryUseCase.ts
FN:4,CreateCategoryUseCase
FN:6,perform
FNF:2
FNH:2
FNDA:2,CreateCategoryUseCase
FNDA:3,perform
DA:1,1
DA:2,1
DA:3,1
DA:4,1
DA:5,1
DA:6,1
DA:7,3
DA:8,3
DA:9,3
DA:10,1
DA:11,1
DA:12,2
DA:13,2
DA:14,2
DA:15,2
DA:16,2
DA:17,2
DA:18,1
LF:18
LH:18
BRDA:4,0,0,2
BRDA:6,1,0,3
BRDA:9,2,0,1
BRDA:12,3,0,2
BRF:4
BRH:4
end_of_record
