TN:
SF:src/modules/cars/infra/repositories/memory/CarsRepositoryMemory.ts
FN:6,CarsRepositoryMemory
FN:9,create
FN:36,findByLicensePlate
FNF:3
FNH:3
FNDA:3,CarsRepositoryMemory
FNDA:3,create
FNDA:4,findByLicensePlate
DA:1,1
DA:2,1
DA:3,1
DA:4,1
DA:5,1
DA:6,3
DA:7,3
DA:8,3
DA:9,3
DA:10,3
DA:11,3
DA:12,3
DA:13,3
DA:14,3
DA:15,3
DA:16,3
DA:17,3
DA:18,3
DA:19,3
DA:20,3
DA:21,3
DA:22,3
DA:23,3
DA:24,3
DA:25,3
DA:26,3
DA:27,3
DA:28,3
DA:29,3
DA:30,3
DA:31,3
DA:32,3
DA:33,3
DA:34,3
DA:35,3
DA:36,3
DA:37,4
DA:38,4
DA:39,4
DA:40,3
LF:40
LH:40
BRDA:6,0,0,3
BRDA:9,1,0,3
BRDA:36,2,0,4
BRDA:38,3,0,3
BRDA:37,4,0,1
BRF:5
BRH:5
end_of_record
TN:
SF:src/modules/cars/useCases/createCar/CreateCarUseCase.ts
FN:15,CreateCarUseCase
FN:17,perform
FNF:2
FNH:2
FNDA:3,CreateCarUseCase
FNDA:4,perform
DA:1,1
DA:2,1
DA:3,1
DA:4,1
DA:5,1
DA:6,1
DA:7,1
DA:8,1
DA:9,1
DA:10,1
DA:11,1
DA:12,1
DA:13,1
DA:14,1
DA:15,1
DA:16,1
DA:17,1
DA:18,4
DA:19,4
DA:20,4
DA:21,4
DA:22,4
DA:23,4
DA:24,4
DA:25,4
DA:26,4
DA:27,4
DA:28,4
DA:29,1
DA:30,1
DA:31,3
DA:32,3
DA:33,3
DA:34,3
DA:35,3
DA:36,3
DA:37,3
DA:38,3
DA:39,3
DA:40,3
DA:41,3
DA:42,3
DA:43,3
DA:44,1
LF:44
LH:44
BRDA:15,0,0,3
BRDA:17,1,0,4
BRDA:28,2,0,1
BRDA:31,3,0,3
BRF:4
BRH:4
end_of_record
